# JRE version: Java(TM) SE Runtime Environment (17.0.9+11) (build 17.0.9+11-LTS-201)
# Java VM: Java HotSpot(TM) 64-Bit Server VM (17.0.9+11-LTS-201, mixed mode, sharing, tiered, compressed oops, compressed class ptrs, g1 gc, windows-amd64)
GC Precious Log:
 CPUs: 8 total, 8 available
 Memory: 6082M
 Large Page Support: Disabled
 NUMA Support: Disabled
 Compressed Oops: Enabled (32-bit)
 Heap Region Size: 1M
 Heap Min Capacity: 8M
 Heap Initial Capacity: 96M
 Heap Max Capacity: 2G
 Pre-touch: Disabled
 Parallel Workers: 8
 Concurrent Workers: 2
 Concurrent Refinement Workers: 8
 Periodic GC: Disabled
Heap:
 garbage-first heap   total 86016K, used 45806K [0x0000000080000000, 0x0000000100000000)
  region size 1024K, 17 young (17408K), 1 survivors (1024K)
 Metaspace       used 33429K, committed 33856K, reserved 491520K
  class space    used 4593K, committed 4800K, reserved 425984K
GC Heap History (20 events):
Event: 22.328 GC heap before
{Heap before GC invocations=0 (full 0):
 garbage-first heap   total 98304K, used 26624K [0x0000000080000000, 0x0000000100000000)
  region size 1024K, 23 young (23552K), 0 survivors (0K)
 Metaspace       used 3040K, committed 3200K, reserved 491520K
  class space    used 385K, committed 448K, reserved 425984K
}
Event: 23.023 GC heap after
{Heap after GC invocations=1 (full 0):
 garbage-first heap   total 98304K, used 10560K [0x0000000080000000, 0x0000000100000000)
  region size 1024K, 3 young (3072K), 3 survivors (3072K)
 Metaspace       used 3040K, committed 3200K, reserved 491520K
  class space    used 385K, committed 448K, reserved 425984K
}
Event: 27.000 GC heap before
{Heap before GC invocations=1 (full 0):
 garbage-first heap   total 98304K, used 15680K [0x0000000080000000, 0x0000000100000000)
  region size 1024K, 8 young (8192K), 3 survivors (3072K)
 Metaspace       used 3560K, committed 3712K, reserved 491520K
  class space    used 441K, committed 512K, reserved 425984K
}
Event: 27.028 GC heap after
{Heap after GC invocations=2 (full 0):
 garbage-first heap   total 98304K, used 11127K [0x0000000080000000, 0x0000000100000000)
  region size 1024K, 1 young (1024K), 1 survivors (1024K)
 Metaspace       used 3560K, committed 3712K, reserved 491520K
  class space    used 441K, committed 512K, reserved 425984K
}
Event: 30.624 GC heap before
{Heap before GC invocations=2 (full 0):
 garbage-first heap   total 98304K, used 20343K [0x0000000080000000, 0x0000000100000000)
  region size 1024K, 11 young (11264K), 1 survivors (1024K)
 Metaspace       used 4012K, committed 4160K, reserved 491520K
  class space    used 490K, committed 576K, reserved 425984K
}
Event: 30.656 GC heap after
{Heap after GC invocations=3 (full 0):
 garbage-first heap   total 98304K, used 11347K [0x0000000080000000, 0x0000000100000000)
  region size 1024K, 1 young (1024K), 1 survivors (1024K)
 Metaspace       used 4012K, committed 4160K, reserved 491520K
  class space    used 490K, committed 576K, reserved 425984K
}
Event: 40.154 GC heap before
{Heap before GC invocations=3 (full 0):
 garbage-first heap   total 98304K, used 35923K [0x0000000080000000, 0x0000000100000000)
  region size 1024K, 25 young (25600K), 1 survivors (1024K)
 Metaspace       used 4174K, committed 4416K, reserved 491520K
  class space    used 514K, committed 640K, reserved 425984K
}
Event: 40.167 GC heap after
{Heap after GC invocations=4 (full 0):
 garbage-first heap   total 98304K, used 15906K [0x0000000080000000, 0x0000000100000000)
  region size 1024K, 4 young (4096K), 4 survivors (4096K)
 Metaspace       used 4174K, committed 4416K, reserved 491520K
  class space    used 514K, committed 640K, reserved 425984K
}
Event: 75.047 GC heap before
{Heap before GC invocations=4 (full 0):
 garbage-first heap   total 98304K, used 58914K [0x0000000080000000, 0x0000000100000000)
  region size 1024K, 46 young (47104K), 4 survivors (4096K)
 Metaspace       used 13136K, committed 13376K, reserved 491520K
  class space    used 1825K, committed 1920K, reserved 425984K
}
Event: 75.076 GC heap after
{Heap after GC invocations=5 (full 0):
 garbage-first heap   total 98304K, used 19810K [0x0000000080000000, 0x0000000100000000)
  region size 1024K, 5 young (5120K), 5 survivors (5120K)
 Metaspace       used 13136K, committed 13376K, reserved 491520K
  class space    used 1825K, committed 1920K, reserved 425984K
}
Event: 109.731 GC heap before
{Heap before GC invocations=5 (full 0):
 garbage-first heap   total 98304K, used 55650K [0x0000000080000000, 0x0000000100000000)
  region size 1024K, 40 young (40960K), 5 survivors (5120K)
 Metaspace       used 17845K, committed 18176K, reserved 491520K
  class space    used 2576K, committed 2752K, reserved 425984K
}
Event: 109.835 GC heap after
{Heap after GC invocations=6 (full 0):
 garbage-first heap   total 98304K, used 21933K [0x0000000080000000, 0x0000000100000000)
  region size 1024K, 3 young (3072K), 3 survivors (3072K)
 Metaspace       used 17845K, committed 18176K, reserved 491520K
  class space    used 2576K, committed 2752K, reserved 425984K
}
Event: 124.116 GC heap before
{Heap before GC invocations=6 (full 0):
 garbage-first heap   total 98304K, used 48557K [0x0000000080000000, 0x0000000100000000)
  region size 1024K, 30 young (30720K), 3 survivors (3072K)
 Metaspace       used 21243K, committed 21504K, reserved 491520K
  class space    used 3119K, committed 3264K, reserved 425984K
}
Event: 124.133 GC heap after
{Heap after GC invocations=7 (full 0):
 garbage-first heap   total 98304K, used 23206K [0x0000000080000000, 0x0000000100000000)
  region size 1024K, 4 young (4096K), 4 survivors (4096K)
 Metaspace       used 21243K, committed 21504K, reserved 491520K
  class space    used 3119K, committed 3264K, reserved 425984K
}
Event: 138.602 GC heap before
{Heap before GC invocations=8 (full 0):
 garbage-first heap   total 86016K, used 69286K [0x0000000080000000, 0x0000000100000000)
  region size 1024K, 50 young (51200K), 4 survivors (4096K)
 Metaspace       used 29732K, committed 30080K, reserved 491520K
  class space    used 4153K, committed 4288K, reserved 425984K
}
Event: 138.623 GC heap after
{Heap after GC invocations=9 (full 0):
 garbage-first heap   total 86016K, used 27372K [0x0000000080000000, 0x0000000100000000)
  region size 1024K, 7 young (7168K), 7 survivors (7168K)
 Metaspace       used 29732K, committed 30080K, reserved 491520K
  class space    used 4153K, committed 4288K, reserved 425984K
}
Event: 178.901 GC heap before
{Heap before GC invocations=9 (full 0):
 garbage-first heap   total 86016K, used 68332K [0x0000000080000000, 0x0000000100000000)
  region size 1024K, 42 young (43008K), 7 survivors (7168K)
 Metaspace       used 32493K, committed 32896K, reserved 491520K
  class space    used 4450K, committed 4672K, reserved 425984K
}
Event: 179.745 GC heap after
{Heap after GC invocations=10 (full 0):
 garbage-first heap   total 86016K, used 29545K [0x0000000080000000, 0x0000000100000000)
  region size 1024K, 3 young (3072K), 3 survivors (3072K)
 Metaspace       used 32493K, committed 32896K, reserved 491520K
  class space    used 4450K, committed 4672K, reserved 425984K
}
Event: 182.126 GC heap before
{Heap before GC invocations=10 (full 0):
 garbage-first heap   total 86016K, used 37737K [0x0000000080000000, 0x0000000100000000)
  region size 1024K, 11 young (11264K), 3 survivors (3072K)
 Metaspace       used 32898K, committed 33280K, reserved 491520K
  class space    used 4515K, committed 4736K, reserved 425984K
}
Event: 182.132 GC heap after
{Heap after GC invocations=11 (full 0):
 garbage-first heap   total 86016K, used 30446K [0x0000000080000000, 0x0000000100000000)
  region size 1024K, 1 young (1024K), 1 survivors (1024K)
 Metaspace       used 32898K, committed 33280K, reserved 491520K
  class space    used 4515K, committed 4736K, reserved 425984K
}

