# JRE version: Java(TM) SE Runtime Environment (17.0.9+11) (build 17.0.9+11-LTS-201)
# Java VM: Java HotSpot(TM) 64-Bit Server VM (17.0.9+11-LTS-201, mixed mode, sharing, tiered, compressed oops, compressed class ptrs, g1 gc, windows-amd64)
GC Precious Log:
 CPUs: 8 total, 8 available
 Memory: 6082M
 Large Page Support: Disabled
 NUMA Support: Disabled
 Compressed Oops: Enabled (32-bit)
 Heap Region Size: 1M
 Heap Min Capacity: 8M
 Heap Initial Capacity: 96M
 Heap Max Capacity: 2G
 Pre-touch: Disabled
 Parallel Workers: 8
 Concurrent Workers: 2
 Concurrent Refinement Workers: 8
 Periodic GC: Disabled
Heap:
 garbage-first heap   total 89088K, used 35566K [0x0000000080000000, 0x0000000100000000)
  region size 1024K, 8 young (8192K), 3 survivors (3072K)
 Metaspace       used 33377K, committed 33792K, reserved 491520K
  class space    used 4592K, committed 4800K, reserved 425984K
GC Heap History (20 events):
Event: 33.451 GC heap before
{Heap before GC invocations=1 (full 0):
 garbage-first heap   total 98304K, used 36160K [0x0000000080000000, 0x0000000100000000)
  region size 1024K, 28 young (28672K), 3 survivors (3072K)
 Metaspace       used 4031K, committed 4224K, reserved 491520K
  class space    used 489K, committed 576K, reserved 425984K
}
Event: 33.859 GC heap after
{Heap after GC invocations=2 (full 0):
 garbage-first heap   total 98304K, used 11735K [0x0000000080000000, 0x0000000100000000)
  region size 1024K, 1 young (1024K), 1 survivors (1024K)
 Metaspace       used 4031K, committed 4224K, reserved 491520K
  class space    used 489K, committed 576K, reserved 425984K
}
Event: 38.419 GC heap before
{Heap before GC invocations=2 (full 0):
 garbage-first heap   total 98304K, used 18903K [0x0000000080000000, 0x0000000100000000)
  region size 1024K, 8 young (8192K), 1 survivors (1024K)
 Metaspace       used 4096K, committed 4288K, reserved 491520K
  class space    used 489K, committed 576K, reserved 425984K
}
Event: 38.428 GC heap after
{Heap after GC invocations=3 (full 0):
 garbage-first heap   total 98304K, used 14464K [0x0000000080000000, 0x0000000100000000)
  region size 1024K, 1 young (1024K), 1 survivors (1024K)
 Metaspace       used 4096K, committed 4288K, reserved 491520K
  class space    used 489K, committed 576K, reserved 425984K
}
Event: 41.040 GC heap before
{Heap before GC invocations=3 (full 0):
 garbage-first heap   total 98304K, used 23680K [0x0000000080000000, 0x0000000100000000)
  region size 1024K, 11 young (11264K), 1 survivors (1024K)
 Metaspace       used 4490K, committed 4672K, reserved 491520K
  class space    used 588K, committed 704K, reserved 425984K
}
Event: 41.043 GC heap after
{Heap after GC invocations=4 (full 0):
 garbage-first heap   total 98304K, used 16082K [0x0000000080000000, 0x0000000100000000)
  region size 1024K, 2 young (2048K), 2 survivors (2048K)
 Metaspace       used 4490K, committed 4672K, reserved 491520K
  class space    used 588K, committed 704K, reserved 425984K
}
Event: 48.101 GC heap before
{Heap before GC invocations=4 (full 0):
 garbage-first heap   total 98304K, used 29394K [0x0000000080000000, 0x0000000100000000)
  region size 1024K, 16 young (16384K), 2 survivors (2048K)
 Metaspace       used 8457K, committed 8640K, reserved 491520K
  class space    used 1123K, committed 1216K, reserved 425984K
}
Event: 48.141 GC heap after
{Heap after GC invocations=5 (full 0):
 garbage-first heap   total 98304K, used 18466K [0x0000000080000000, 0x0000000100000000)
  region size 1024K, 2 young (2048K), 2 survivors (2048K)
 Metaspace       used 8457K, committed 8640K, reserved 491520K
  class space    used 1123K, committed 1216K, reserved 425984K
}
Event: 74.746 GC heap before
{Heap before GC invocations=5 (full 0):
 garbage-first heap   total 98304K, used 40994K [0x0000000080000000, 0x0000000100000000)
  region size 1024K, 25 young (25600K), 2 survivors (2048K)
 Metaspace       used 12827K, committed 13120K, reserved 491520K
  class space    used 1781K, committed 1920K, reserved 425984K
}
Event: 74.859 GC heap after
{Heap after GC invocations=6 (full 0):
 garbage-first heap   total 98304K, used 20159K [0x0000000080000000, 0x0000000100000000)
  region size 1024K, 4 young (4096K), 4 survivors (4096K)
 Metaspace       used 12827K, committed 13120K, reserved 491520K
  class space    used 1781K, committed 1920K, reserved 425984K
}
Event: 100.489 GC heap before
{Heap before GC invocations=6 (full 0):
 garbage-first heap   total 98304K, used 48831K [0x0000000080000000, 0x0000000100000000)
  region size 1024K, 32 young (32768K), 4 survivors (4096K)
 Metaspace       used 16798K, committed 17152K, reserved 491520K
  class space    used 2408K, committed 2560K, reserved 425984K
}
Event: 100.522 GC heap after
{Heap after GC invocations=7 (full 0):
 garbage-first heap   total 98304K, used 21768K [0x0000000080000000, 0x0000000100000000)
  region size 1024K, 4 young (4096K), 4 survivors (4096K)
 Metaspace       used 16798K, committed 17152K, reserved 491520K
  class space    used 2408K, committed 2560K, reserved 425984K
}
Event: 122.383 GC heap before
{Heap before GC invocations=7 (full 0):
 garbage-first heap   total 98304K, used 56584K [0x0000000080000000, 0x0000000100000000)
  region size 1024K, 39 young (39936K), 4 survivors (4096K)
 Metaspace       used 21233K, committed 21504K, reserved 491520K
  class space    used 3118K, committed 3264K, reserved 425984K
}
Event: 122.683 GC heap after
{Heap after GC invocations=8 (full 0):
 garbage-first heap   total 98304K, used 23525K [0x0000000080000000, 0x0000000100000000)
  region size 1024K, 5 young (5120K), 5 survivors (5120K)
 Metaspace       used 21233K, committed 21504K, reserved 491520K
  class space    used 3118K, committed 3264K, reserved 425984K
}
Event: 126.049 GC heap before
{Heap before GC invocations=9 (full 0):
 garbage-first heap   total 89088K, used 44005K [0x0000000080000000, 0x0000000100000000)
  region size 1024K, 26 young (26624K), 5 survivors (5120K)
 Metaspace       used 23992K, committed 24384K, reserved 491520K
  class space    used 3546K, committed 3712K, reserved 425984K
}
Event: 126.072 GC heap after
{Heap after GC invocations=10 (full 0):
 garbage-first heap   total 89088K, used 24470K [0x0000000080000000, 0x0000000100000000)
  region size 1024K, 3 young (3072K), 3 survivors (3072K)
 Metaspace       used 23992K, committed 24384K, reserved 491520K
  class space    used 3546K, committed 3712K, reserved 425984K
}
Event: 132.172 GC heap before
{Heap before GC invocations=10 (full 0):
 garbage-first heap   total 89088K, used 65430K [0x0000000080000000, 0x0000000100000000)
  region size 1024K, 44 young (45056K), 3 survivors (3072K)
 Metaspace       used 29970K, committed 30400K, reserved 491520K
  class space    used 4188K, committed 4416K, reserved 425984K
}
Event: 132.188 GC heap after
{Heap after GC invocations=11 (full 0):
 garbage-first heap   total 89088K, used 28526K [0x0000000080000000, 0x0000000100000000)
  region size 1024K, 6 young (6144K), 6 survivors (6144K)
 Metaspace       used 29970K, committed 30400K, reserved 491520K
  class space    used 4188K, committed 4416K, reserved 425984K
}
Event: 151.171 GC heap before
{Heap before GC invocations=11 (full 0):
 garbage-first heap   total 89088K, used 70510K [0x0000000080000000, 0x0000000100000000)
  region size 1024K, 42 young (43008K), 6 survivors (6144K)
 Metaspace       used 33155K, committed 33536K, reserved 491520K
  class space    used 4554K, committed 4736K, reserved 425984K
}
Event: 151.261 GC heap after
{Heap after GC invocations=12 (full 0):
 garbage-first heap   total 89088K, used 31470K [0x0000000080000000, 0x0000000100000000)
  region size 1024K, 3 young (3072K), 3 survivors (3072K)
 Metaspace       used 33155K, committed 33536K, reserved 491520K
  class space    used 4554K, committed 4736K, reserved 425984K
}

